{"/home/joel/Escritorio/jest-typescript-node/src/app.ts": {"path":"/home/joel/Escritorio/jest-typescript-node/src/app.ts","statementMap":{"0":{"start":{"line":1,"column":0},"end":{"line":1,"column":30}},"1":{"start":{"line":2,"column":0},"end":{"line":2,"column":65}},"2":{"start":{"line":3,"column":0},"end":{"line":3,"column":49}},"3":{"start":{"line":5,"column":12},"end":{"line":5,"column":21}},"4":{"start":{"line":7,"column":0},"end":{"line":7,"column":24}},"5":{"start":{"line":9,"column":0},"end":{"line":9,"column":35}},"6":{"start":{"line":11,"column":0},"end":{"line":11,"column":70}},"7":{"start":{"line":11,"column":28},"end":{"line":11,"column":68}},"8":{"start":{"line":13,"column":0},"end":{"line":13,"column":19}}},"fnMap":{"0":{"name":"(anonymous_1)","decl":{"start":{"line":11,"column":13},"end":{"line":11,"column":14}},"loc":{"start":{"line":11,"column":28},"end":{"line":11,"column":68}}}},"branchMap":{},"s":{"0":1,"1":1,"2":1,"3":1,"4":1,"5":1,"6":1,"7":3,"8":1},"f":{"0":3},"b":{}}
,"/home/joel/Escritorio/jest-typescript-node/src/routers/notes.router.ts": {"path":"/home/joel/Escritorio/jest-typescript-node/src/routers/notes.router.ts","statementMap":{"0":{"start":{"line":1,"column":0},"end":{"line":1,"column":52}},"1":{"start":{"line":2,"column":0},"end":{"line":2,"column":43}},"2":{"start":{"line":4,"column":15},"end":{"line":4,"column":23}},"3":{"start":{"line":6,"column":0},"end":{"line":14,"column":3}},"4":{"start":{"line":6,"column":46},"end":{"line":14,"column":2}},"5":{"start":{"line":7,"column":2},"end":{"line":13,"column":3}},"6":{"start":{"line":8,"column":18},"end":{"line":8,"column":35}},"7":{"start":{"line":9,"column":4},"end":{"line":9,"column":32}},"8":{"start":{"line":11,"column":4},"end":{"line":12,"column":55}},"9":{"start":{"line":12,"column":6},"end":{"line":12,"column":55}},"10":{"start":{"line":16,"column":0},"end":{"line":32,"column":3}},"11":{"start":{"line":16,"column":55},"end":{"line":32,"column":2}},"12":{"start":{"line":17,"column":2},"end":{"line":31,"column":3}},"13":{"start":{"line":18,"column":30},"end":{"line":18,"column":53}},"14":{"start":{"line":20,"column":4},"end":{"line":21,"column":45}},"15":{"start":{"line":21,"column":6},"end":{"line":21,"column":45}},"16":{"start":{"line":23,"column":22},"end":{"line":23,"column":61}},"17":{"start":{"line":25,"column":25},"end":{"line":25,"column":68}},"18":{"start":{"line":27,"column":4},"end":{"line":27,"column":39}},"19":{"start":{"line":29,"column":4},"end":{"line":30,"column":55}},"20":{"start":{"line":30,"column":6},"end":{"line":30,"column":55}},"21":{"start":{"line":34,"column":0},"end":{"line":41,"column":3}},"22":{"start":{"line":34,"column":57},"end":{"line":41,"column":2}},"23":{"start":{"line":35,"column":25},"end":{"line":35,"column":59}},"24":{"start":{"line":37,"column":2},"end":{"line":38,"column":66}},"25":{"start":{"line":38,"column":4},"end":{"line":38,"column":66}},"26":{"start":{"line":40,"column":2},"end":{"line":40,"column":39}},"27":{"start":{"line":43,"column":0},"end":{"line":52,"column":3}},"28":{"start":{"line":43,"column":60},"end":{"line":52,"column":2}},"29":{"start":{"line":44,"column":2},"end":{"line":51,"column":3}},"30":{"start":{"line":45,"column":4},"end":{"line":45,"column":49}},"31":{"start":{"line":47,"column":4},"end":{"line":47,"column":31}},"32":{"start":{"line":49,"column":4},"end":{"line":50,"column":55}},"33":{"start":{"line":50,"column":6},"end":{"line":50,"column":55}},"34":{"start":{"line":54,"column":0},"end":{"line":86,"column":3}},"35":{"start":{"line":54,"column":59},"end":{"line":86,"column":2}},"36":{"start":{"line":55,"column":2},"end":{"line":85,"column":3}},"37":{"start":{"line":57,"column":6},"end":{"line":57,"column":40}},"38":{"start":{"line":60,"column":47},"end":{"line":60,"column":71}},"39":{"start":{"line":61,"column":31},"end":{"line":61,"column":62}},"40":{"start":{"line":62,"column":35},"end":{"line":62,"column":39}},"41":{"start":{"line":64,"column":4},"end":{"line":67,"column":7}},"42":{"start":{"line":65,"column":6},"end":{"line":66,"column":32}},"43":{"start":{"line":66,"column":8},"end":{"line":66,"column":32}},"44":{"start":{"line":69,"column":4},"end":{"line":72,"column":65}},"45":{"start":{"line":70,"column":6},"end":{"line":72,"column":65}},"46":{"start":{"line":75,"column":28},"end":{"line":78,"column":null}},"47":{"start":{"line":81,"column":4},"end":{"line":81,"column":42}},"48":{"start":{"line":83,"column":4},"end":{"line":84,"column":55}},"49":{"start":{"line":84,"column":6},"end":{"line":84,"column":55}},"50":{"start":{"line":88,"column":0},"end":{"line":88,"column":22}}},"fnMap":{"0":{"name":"(anonymous_8)","decl":{"start":{"line":6,"column":16},"end":{"line":6,"column":23}},"loc":{"start":{"line":6,"column":46},"end":{"line":14,"column":2}}},"1":{"name":"(anonymous_9)","decl":{"start":{"line":6,"column":46},"end":{"line":6,"column":null}},"loc":{"start":{"line":6,"column":46},"end":{"line":14,"column":1}}},"2":{"name":"(anonymous_10)","decl":{"start":{"line":16,"column":17},"end":{"line":16,"column":24}},"loc":{"start":{"line":16,"column":55},"end":{"line":32,"column":2}}},"3":{"name":"(anonymous_11)","decl":{"start":{"line":16,"column":55},"end":{"line":16,"column":null}},"loc":{"start":{"line":16,"column":55},"end":{"line":32,"column":1}}},"4":{"name":"(anonymous_12)","decl":{"start":{"line":34,"column":19},"end":{"line":34,"column":26}},"loc":{"start":{"line":34,"column":57},"end":{"line":41,"column":2}}},"5":{"name":"(anonymous_13)","decl":{"start":{"line":34,"column":57},"end":{"line":34,"column":null}},"loc":{"start":{"line":34,"column":57},"end":{"line":41,"column":1}}},"6":{"name":"(anonymous_14)","decl":{"start":{"line":43,"column":22},"end":{"line":43,"column":29}},"loc":{"start":{"line":43,"column":60},"end":{"line":52,"column":2}}},"7":{"name":"(anonymous_15)","decl":{"start":{"line":43,"column":60},"end":{"line":43,"column":null}},"loc":{"start":{"line":43,"column":60},"end":{"line":52,"column":1}}},"8":{"name":"(anonymous_16)","decl":{"start":{"line":54,"column":21},"end":{"line":54,"column":28}},"loc":{"start":{"line":54,"column":59},"end":{"line":86,"column":2}}},"9":{"name":"(anonymous_17)","decl":{"start":{"line":54,"column":59},"end":{"line":54,"column":null}},"loc":{"start":{"line":54,"column":59},"end":{"line":86,"column":1}}},"10":{"name":"(anonymous_18)","decl":{"start":{"line":64,"column":31},"end":{"line":64,"column":32}},"loc":{"start":{"line":64,"column":45},"end":{"line":67,"column":5}}}},"branchMap":{"0":{"loc":{"start":{"line":11,"column":4},"end":{"line":12,"column":55}},"type":"if","locations":[{"start":{"line":11,"column":4},"end":{"line":12,"column":55}}]},"1":{"loc":{"start":{"line":20,"column":4},"end":{"line":21,"column":45}},"type":"if","locations":[{"start":{"line":20,"column":4},"end":{"line":21,"column":45}}]},"2":{"loc":{"start":{"line":20,"column":8},"end":{"line":20,"column":40}},"type":"binary-expr","locations":[{"start":{"line":20,"column":8},"end":{"line":20,"column":21}},{"start":{"line":20,"column":25},"end":{"line":20,"column":40}}]},"3":{"loc":{"start":{"line":29,"column":4},"end":{"line":30,"column":55}},"type":"if","locations":[{"start":{"line":29,"column":4},"end":{"line":30,"column":55}}]},"4":{"loc":{"start":{"line":37,"column":2},"end":{"line":38,"column":66}},"type":"if","locations":[{"start":{"line":37,"column":2},"end":{"line":38,"column":66}}]},"5":{"loc":{"start":{"line":49,"column":4},"end":{"line":50,"column":55}},"type":"if","locations":[{"start":{"line":49,"column":4},"end":{"line":50,"column":55}}]},"6":{"loc":{"start":{"line":65,"column":6},"end":{"line":66,"column":32}},"type":"if","locations":[{"start":{"line":65,"column":6},"end":{"line":66,"column":32}}]},"7":{"loc":{"start":{"line":69,"column":4},"end":{"line":72,"column":65}},"type":"if","locations":[{"start":{"line":69,"column":4},"end":{"line":72,"column":65}}]},"8":{"loc":{"start":{"line":69,"column":8},"end":{"line":69,"column":59}},"type":"binary-expr","locations":[{"start":{"line":69,"column":8},"end":{"line":69,"column":24}},{"start":{"line":69,"column":28},"end":{"line":69,"column":59}}]},"9":{"loc":{"start":{"line":83,"column":4},"end":{"line":84,"column":55}},"type":"if","locations":[{"start":{"line":83,"column":4},"end":{"line":84,"column":55}}]}},"s":{"0":1,"1":1,"2":1,"3":1,"4":3,"5":3,"6":3,"7":3,"8":0,"9":0,"10":1,"11":5,"12":5,"13":5,"14":5,"15":2,"16":3,"17":3,"18":3,"19":2,"20":2,"21":1,"22":2,"23":2,"24":2,"25":1,"26":1,"27":1,"28":2,"29":2,"30":2,"31":1,"32":1,"33":1,"34":1,"35":3,"36":3,"37":3,"38":3,"39":3,"40":3,"41":3,"42":2,"43":0,"44":3,"45":1,"46":2,"47":1,"48":1,"49":1,"50":1},"f":{"0":3,"1":3,"2":5,"3":5,"4":2,"5":2,"6":2,"7":2,"8":3,"9":3,"10":2},"b":{"0":[0],"1":[2],"2":[5,4],"3":[2],"4":[1],"5":[1],"6":[0],"7":[1],"8":[3,3],"9":[1]}}
,"/home/joel/Escritorio/jest-typescript-node/src/schemas/notes.schema.ts": {"path":"/home/joel/Escritorio/jest-typescript-node/src/schemas/notes.schema.ts","statementMap":{"0":{"start":{"line":1,"column":0},"end":{"line":1,"column":41}},"1":{"start":{"line":3,"column":19},"end":{"line":12,"column":null}},"2":{"start":{"line":15,"column":0},"end":{"line":15,"column":41}}},"fnMap":{},"branchMap":{},"s":{"0":1,"1":1,"2":1},"f":{},"b":{}}
,"/home/joel/Escritorio/jest-typescript-node/src/tests/config-test.ts": {"path":"/home/joel/Escritorio/jest-typescript-node/src/tests/config-test.ts","statementMap":{"0":{"start":{"line":1,"column":0},"end":{"line":1,"column":28}},"1":{"start":{"line":4,"column":0},"end":{"line":4,"column":16}},"2":{"start":{"line":6,"column":34},"end":{"line":8,"column":2}},"3":{"start":{"line":10,"column":21},"end":{"line":10,"column":31}},"4":{"start":{"line":12,"column":9},"end":{"line":12,"column":21}}},"fnMap":{},"branchMap":{"0":{"loc":{"start":{"line":7,"column":10},"end":{"line":7,"column":39}},"type":"binary-expr","locations":[{"start":{"line":7,"column":10},"end":{"line":7,"column":33}},{"start":{"line":7,"column":37},"end":{"line":7,"column":39}}]}},"s":{"0":1,"1":1,"2":1,"3":1,"4":1},"f":{},"b":{"0":[1,0]}}
,"/home/joel/Escritorio/jest-typescript-node/src/tests/helpers/db-conexion.ts": {"path":"/home/joel/Escritorio/jest-typescript-node/src/tests/helpers/db-conexion.ts","statementMap":{"0":{"start":{"line":1,"column":0},"end":{"line":1,"column":32}},"1":{"start":{"line":2,"column":0},"end":{"line":2,"column":46}},"2":{"start":{"line":4,"column":19},"end":{"line":6,"column":1}},"3":{"start":{"line":5,"column":2},"end":{"line":5,"column":78}},"4":{"start":{"line":5,"column":50},"end":{"line":5,"column":76}},"5":{"start":{"line":12,"column":9},"end":{"line":12,"column":19}},"6":{"start":{"line":8,"column":24},"end":{"line":10,"column":1}},"7":{"start":{"line":9,"column":2},"end":{"line":9,"column":75}},"8":{"start":{"line":9,"column":42},"end":{"line":9,"column":73}},"9":{"start":{"line":12,"column":21},"end":{"line":12,"column":36}}},"fnMap":{"0":{"name":"(anonymous_1)","decl":{"start":{"line":4,"column":19},"end":{"line":4,"column":22}},"loc":{"start":{"line":4,"column":24},"end":{"line":6,"column":1}}},"1":{"name":"(anonymous_2)","decl":{"start":{"line":5,"column":39},"end":{"line":5,"column":40}},"loc":{"start":{"line":5,"column":50},"end":{"line":5,"column":76}}},"2":{"name":"(anonymous_3)","decl":{"start":{"line":8,"column":24},"end":{"line":8,"column":27}},"loc":{"start":{"line":8,"column":29},"end":{"line":10,"column":1}}},"3":{"name":"(anonymous_4)","decl":{"start":{"line":9,"column":36},"end":{"line":9,"column":39}},"loc":{"start":{"line":9,"column":42},"end":{"line":9,"column":73}}}},"branchMap":{},"s":{"0":1,"1":1,"2":1,"3":1,"4":0,"5":1,"6":1,"7":1,"8":0,"9":1},"f":{"0":1,"1":0,"2":1,"3":0},"b":{}}
,"/home/joel/Escritorio/jest-typescript-node/src/tests/helpers/supertest.ts": {"path":"/home/joel/Escritorio/jest-typescript-node/src/tests/helpers/supertest.ts","statementMap":{"0":{"start":{"line":1,"column":0},"end":{"line":1,"column":28}},"1":{"start":{"line":2,"column":0},"end":{"line":2,"column":34}},"2":{"start":{"line":4,"column":12},"end":{"line":4,"column":26}},"3":{"start":{"line":6,"column":9},"end":{"line":6,"column":12}}},"fnMap":{},"branchMap":{},"s":{"0":1,"1":1,"2":1,"3":1},"f":{},"b":{}}
,"/home/joel/Escritorio/jest-typescript-node/src/tests/helpers/utils.ts": {"path":"/home/joel/Escritorio/jest-typescript-node/src/tests/helpers/utils.ts","statementMap":{"0":{"start":{"line":1,"column":0},"end":{"line":1,"column":46}},"1":{"start":{"line":7,"column":0},"end":{"line":7,"column":69}},"2":{"start":{"line":8,"column":0},"end":{"line":8,"column":34}},"3":{"start":{"line":10,"column":13},"end":{"line":19,"column":2}},"4":{"start":{"line":21,"column":13},"end":{"line":21,"column":70}},"5":{"start":{"line":23,"column":27},"end":{"line":23,"column":67}},"6":{"start":{"line":23,"column":38},"end":{"line":23,"column":67}},"7":{"start":{"line":23,"column":39},"end":{"line":23,"column":67}},"8":{"start":{"line":23,"column":13},"end":{"line":23,"column":27}},"9":{"start":{"line":25,"column":30},"end":{"line":25,"column":68}},"10":{"start":{"line":25,"column":41},"end":{"line":25,"column":68}},"11":{"start":{"line":25,"column":42},"end":{"line":25,"column":68}},"12":{"start":{"line":25,"column":13},"end":{"line":25,"column":30}},"13":{"start":{"line":27,"column":33},"end":{"line":28,"column":31}},"14":{"start":{"line":27,"column":54},"end":{"line":28,"column":31}},"15":{"start":{"line":28,"column":2},"end":{"line":28,"column":31}},"16":{"start":{"line":27,"column":13},"end":{"line":27,"column":33}},"17":{"start":{"line":30,"column":38},"end":{"line":37,"column":2}},"18":{"start":{"line":30,"column":49},"end":{"line":37,"column":2}},"19":{"start":{"line":31,"column":2},"end":{"line":36,"column":3}},"20":{"start":{"line":31,"column":15},"end":{"line":31,"column":16}},"21":{"start":{"line":32,"column":17},"end":{"line":32,"column":34}},"22":{"start":{"line":34,"column":22},"end":{"line":34,"column":36}},"23":{"start":{"line":35,"column":4},"end":{"line":35,"column":27}},"24":{"start":{"line":30,"column":13},"end":{"line":30,"column":38}},"25":{"start":{"line":39,"column":34},"end":{"line":40,"column":51}},"26":{"start":{"line":39,"column":71},"end":{"line":40,"column":51}},"27":{"start":{"line":40,"column":2},"end":{"line":40,"column":51}},"28":{"start":{"line":39,"column":13},"end":{"line":39,"column":34}},"29":{"start":{"line":42,"column":42},"end":{"line":44,"column":54}},"30":{"start":{"line":44,"column":4},"end":{"line":44,"column":54}},"31":{"start":{"line":44,"column":5},"end":{"line":44,"column":54}},"32":{"start":{"line":42,"column":13},"end":{"line":42,"column":42}},"33":{"start":{"line":46,"column":13},"end":{"line":46,"column":37}},"34":{"start":{"line":48,"column":13},"end":{"line":51,"column":2}},"35":{"start":{"line":53,"column":13},"end":{"line":58,"column":2}},"36":{"start":{"line":60,"column":13},"end":{"line":60,"column":76}},"37":{"start":{"line":62,"column":27},"end":{"line":65,"column":2}},"38":{"start":{"line":62,"column":64},"end":{"line":65,"column":2}},"39":{"start":{"line":63,"column":20},"end":{"line":63,"column":68}},"40":{"start":{"line":64,"column":2},"end":{"line":64,"column":53}},"41":{"start":{"line":62,"column":13},"end":{"line":62,"column":27}},"42":{"start":{"line":67,"column":28},"end":{"line":68,"column":26}},"43":{"start":{"line":67,"column":80},"end":{"line":68,"column":26}},"44":{"start":{"line":68,"column":2},"end":{"line":68,"column":26}},"45":{"start":{"line":67,"column":13},"end":{"line":67,"column":28}},"46":{"start":{"line":70,"column":13},"end":{"line":77,"column":2}},"47":{"start":{"line":79,"column":13},"end":{"line":79,"column":78}}},"fnMap":{"0":{"name":"(anonymous_8)","decl":{"start":{"line":23,"column":27},"end":{"line":23,"column":36}},"loc":{"start":{"line":23,"column":38},"end":{"line":23,"column":67}}},"1":{"name":"(anonymous_9)","decl":{"start":{"line":23,"column":38},"end":{"line":23,"column":39}},"loc":{"start":{"line":23,"column":38},"end":{"line":23,"column":67}}},"2":{"name":"(anonymous_10)","decl":{"start":{"line":25,"column":30},"end":{"line":25,"column":39}},"loc":{"start":{"line":25,"column":41},"end":{"line":25,"column":68}}},"3":{"name":"(anonymous_11)","decl":{"start":{"line":25,"column":41},"end":{"line":25,"column":42}},"loc":{"start":{"line":25,"column":41},"end":{"line":25,"column":68}}},"4":{"name":"(anonymous_12)","decl":{"start":{"line":27,"column":33},"end":{"line":27,"column":40}},"loc":{"start":{"line":27,"column":54},"end":{"line":28,"column":31}}},"5":{"name":"(anonymous_13)","decl":{"start":{"line":27,"column":54},"end":{"line":27,"column":null}},"loc":{"start":{"line":27,"column":54},"end":{"line":28,"column":31}}},"6":{"name":"(anonymous_14)","decl":{"start":{"line":30,"column":38},"end":{"line":30,"column":47}},"loc":{"start":{"line":30,"column":49},"end":{"line":37,"column":2}}},"7":{"name":"(anonymous_15)","decl":{"start":{"line":30,"column":49},"end":{"line":30,"column":null}},"loc":{"start":{"line":30,"column":49},"end":{"line":37,"column":1}}},"8":{"name":"(anonymous_16)","decl":{"start":{"line":39,"column":34},"end":{"line":39,"column":41}},"loc":{"start":{"line":39,"column":71},"end":{"line":40,"column":51}}},"9":{"name":"(anonymous_17)","decl":{"start":{"line":39,"column":71},"end":{"line":39,"column":null}},"loc":{"start":{"line":39,"column":71},"end":{"line":40,"column":51}}},"10":{"name":"(anonymous_18)","decl":{"start":{"line":42,"column":42},"end":{"line":42,"column":null}},"loc":{"start":{"line":44,"column":4},"end":{"line":44,"column":54}}},"11":{"name":"(anonymous_19)","decl":{"start":{"line":44,"column":4},"end":{"line":44,"column":5}},"loc":{"start":{"line":44,"column":4},"end":{"line":44,"column":54}}},"12":{"name":"(anonymous_20)","decl":{"start":{"line":62,"column":27},"end":{"line":62,"column":34}},"loc":{"start":{"line":62,"column":64},"end":{"line":65,"column":2}}},"13":{"name":"(anonymous_21)","decl":{"start":{"line":62,"column":64},"end":{"line":62,"column":null}},"loc":{"start":{"line":62,"column":64},"end":{"line":65,"column":1}}},"14":{"name":"(anonymous_22)","decl":{"start":{"line":67,"column":28},"end":{"line":67,"column":35}},"loc":{"start":{"line":67,"column":80},"end":{"line":68,"column":26}}},"15":{"name":"(anonymous_23)","decl":{"start":{"line":67,"column":80},"end":{"line":67,"column":null}},"loc":{"start":{"line":67,"column":80},"end":{"line":68,"column":26}}}},"branchMap":{},"s":{"0":1,"1":1,"2":1,"3":1,"4":1,"5":1,"6":2,"7":2,"8":1,"9":1,"10":6,"11":6,"12":1,"13":1,"14":0,"15":0,"16":1,"17":1,"18":2,"19":2,"20":2,"21":4,"22":4,"23":4,"24":1,"25":1,"26":3,"27":3,"28":1,"29":1,"30":2,"31":2,"32":1,"33":1,"34":1,"35":1,"36":1,"37":1,"38":6,"39":6,"40":6,"41":1,"42":1,"43":1,"44":1,"45":1,"46":1,"47":1},"f":{"0":2,"1":2,"2":6,"3":6,"4":0,"5":0,"6":2,"7":2,"8":3,"9":3,"10":2,"11":2,"12":6,"13":6,"14":1,"15":1},"b":{}}
,"/home/joel/Escritorio/jest-typescript-node/src/utils/project-description.ts": {"path":"/home/joel/Escritorio/jest-typescript-node/src/utils/project-description.ts","statementMap":{"0":{"start":{"line":1,"column":0},"end":{"line":1,"column":37}},"1":{"start":{"line":4,"column":59},"end":{"line":9,"column":2}},"2":{"start":{"line":11,"column":9},"end":{"line":11,"column":27}}},"fnMap":{},"branchMap":{},"s":{"0":1,"1":1,"2":1},"f":{},"b":{}}
}
