TN:
SF:../app.ts
FN:11,(anonymous_1)
FNF:1
FNH:1
FNDA:3,(anonymous_1)
DA:1,1
DA:2,1
DA:3,1
DA:5,1
DA:7,1
DA:9,1
DA:11,3
DA:13,1
LF:8
LH:8
BRF:0
BRH:0
end_of_record
TN:
SF:../routers/notes.router.ts
FN:6,(anonymous_8)
FN:6,(anonymous_9)
FN:16,(anonymous_10)
FN:16,(anonymous_11)
FN:34,(anonymous_12)
FN:34,(anonymous_13)
FN:43,(anonymous_14)
FN:43,(anonymous_15)
FN:54,(anonymous_16)
FN:54,(anonymous_17)
FN:64,(anonymous_18)
FNF:11
FNH:11
FNDA:3,(anonymous_8)
FNDA:3,(anonymous_9)
FNDA:5,(anonymous_10)
FNDA:5,(anonymous_11)
FNDA:2,(anonymous_12)
FNDA:2,(anonymous_13)
FNDA:2,(anonymous_14)
FNDA:2,(anonymous_15)
FNDA:3,(anonymous_16)
FNDA:3,(anonymous_17)
FNDA:2,(anonymous_18)
DA:1,1
DA:2,1
DA:4,1
DA:6,3
DA:7,3
DA:8,3
DA:9,3
DA:11,0
DA:12,0
DA:16,5
DA:17,5
DA:18,5
DA:20,5
DA:21,2
DA:23,3
DA:25,3
DA:27,3
DA:29,2
DA:30,2
DA:34,2
DA:35,2
DA:37,2
DA:38,1
DA:40,1
DA:43,2
DA:44,2
DA:45,2
DA:47,1
DA:49,1
DA:50,1
DA:54,3
DA:55,3
DA:57,3
DA:60,3
DA:61,3
DA:62,3
DA:64,3
DA:65,2
DA:66,0
DA:69,3
DA:70,1
DA:75,2
DA:81,1
DA:83,1
DA:84,1
DA:88,1
LF:46
LH:43
BRDA:11,0,0,0
BRDA:20,1,0,2
BRDA:20,2,0,5
BRDA:20,2,1,4
BRDA:29,3,0,2
BRDA:37,4,0,1
BRDA:49,5,0,1
BRDA:65,6,0,0
BRDA:69,7,0,1
BRDA:69,8,0,3
BRDA:69,8,1,3
BRDA:83,9,0,1
BRF:12
BRH:10
end_of_record
TN:
SF:../schemas/notes.schema.ts
FNF:0
FNH:0
DA:1,1
DA:3,1
DA:15,1
LF:3
LH:3
BRF:0
BRH:0
end_of_record
TN:
SF:config-test.ts
FNF:0
FNH:0
DA:1,1
DA:4,1
DA:6,1
DA:10,1
DA:12,1
LF:5
LH:5
BRDA:7,0,0,1
BRDA:7,0,1,0
BRF:2
BRH:1
end_of_record
TN:
SF:helpers/db-conexion.ts
FN:4,(anonymous_1)
FN:5,(anonymous_2)
FN:8,(anonymous_3)
FN:9,(anonymous_4)
FNF:4
FNH:2
FNDA:1,(anonymous_1)
FNDA:0,(anonymous_2)
FNDA:1,(anonymous_3)
FNDA:0,(anonymous_4)
DA:1,1
DA:2,1
DA:4,1
DA:5,1
DA:8,1
DA:9,1
DA:12,1
LF:7
LH:7
BRF:0
BRH:0
end_of_record
TN:
SF:helpers/supertest.ts
FNF:0
FNH:0
DA:1,1
DA:2,1
DA:4,1
DA:6,1
LF:4
LH:4
BRF:0
BRH:0
end_of_record
TN:
SF:helpers/utils.ts
FN:23,(anonymous_8)
FN:23,(anonymous_9)
FN:25,(anonymous_10)
FN:25,(anonymous_11)
FN:27,(anonymous_12)
FN:27,(anonymous_13)
FN:30,(anonymous_14)
FN:30,(anonymous_15)
FN:39,(anonymous_16)
FN:39,(anonymous_17)
FN:42,(anonymous_18)
FN:44,(anonymous_19)
FN:62,(anonymous_20)
FN:62,(anonymous_21)
FN:67,(anonymous_22)
FN:67,(anonymous_23)
FNF:16
FNH:14
FNDA:2,(anonymous_8)
FNDA:2,(anonymous_9)
FNDA:6,(anonymous_10)
FNDA:6,(anonymous_11)
FNDA:0,(anonymous_12)
FNDA:0,(anonymous_13)
FNDA:2,(anonymous_14)
FNDA:2,(anonymous_15)
FNDA:3,(anonymous_16)
FNDA:3,(anonymous_17)
FNDA:2,(anonymous_18)
FNDA:2,(anonymous_19)
FNDA:6,(anonymous_20)
FNDA:6,(anonymous_21)
FNDA:1,(anonymous_22)
FNDA:1,(anonymous_23)
DA:1,1
DA:7,1
DA:8,1
DA:10,1
DA:21,1
DA:23,2
DA:25,6
DA:27,1
DA:28,0
DA:30,2
DA:31,2
DA:32,4
DA:34,4
DA:35,4
DA:39,3
DA:40,3
DA:42,1
DA:44,2
DA:46,1
DA:48,1
DA:53,1
DA:60,1
DA:62,6
DA:63,6
DA:64,6
DA:67,1
DA:68,1
DA:70,1
DA:79,1
LF:29
LH:28
BRF:0
BRH:0
end_of_record
TN:
SF:../utils/project-description.ts
FNF:0
FNH:0
DA:1,1
DA:4,1
DA:11,1
LF:3
LH:3
BRF:0
BRH:0
end_of_record
