TN:
SF:../app.ts
FN:9,(anonymous_1)
FNF:1
FNH:1
FNDA:3,(anonymous_1)
DA:1,1
DA:2,1
DA:3,1
DA:5,1
DA:7,1
DA:9,3
DA:11,1
LF:7
LH:7
BRF:0
BRH:0
end_of_record
TN:
SF:../routers/notes.router.ts
FN:5,(anonymous_8)
FN:5,(anonymous_9)
FNF:2
FNH:2
FNDA:2,(anonymous_8)
FNDA:2,(anonymous_9)
DA:1,1
DA:2,1
DA:3,1
DA:5,2
DA:6,2
DA:7,2
DA:8,2
DA:10,0
DA:14,1
LF:9
LH:8
BRF:0
BRH:0
end_of_record
TN:
SF:../schemas/notes.schema.ts
FNF:0
FNH:0
DA:1,1
DA:3,1
DA:15,1
LF:3
LH:3
BRF:0
BRH:0
end_of_record
TN:
SF:config-test.ts
FNF:0
FNH:0
DA:1,1
DA:4,1
DA:6,1
DA:10,1
DA:12,1
LF:5
LH:5
BRDA:7,0,0,1
BRDA:7,0,1,0
BRF:2
BRH:1
end_of_record
TN:
SF:../utils/para-tests.ts
FNF:0
FNH:0
DA:3,1
LF:1
LH:1
BRF:0
BRH:0
end_of_record
TN:
SF:../utils/project-description.ts
FNF:0
FNH:0
DA:1,1
DA:4,1
DA:10,1
LF:3
LH:3
BRF:0
BRH:0
end_of_record
